Determining if the function sgemm_ exists failed with the following output:
Change Dir: /home/yl1019/lyh/Coursework/build/CMakeFiles/CMakeTmp

Run Build Command:"/usr/bin/make" "cmTC_064df/fast"
/usr/bin/make -f CMakeFiles/cmTC_064df.dir/build.make CMakeFiles/cmTC_064df.dir/build
make[1]: Entering directory '/home/yl1019/lyh/Coursework/build/CMakeFiles/CMakeTmp'
Building C object CMakeFiles/cmTC_064df.dir/CheckFunctionExists.c.o
/usr/bin/cc   -DCHECK_FUNCTION_EXISTS=sgemm_   -o CMakeFiles/cmTC_064df.dir/CheckFunctionExists.c.o   -c /usr/share/cmake-3.13/Modules/CheckFunctionExists.c
Linking C executable cmTC_064df
/usr/bin/cmake -E cmake_link_script CMakeFiles/cmTC_064df.dir/link.txt --verbose=1
/usr/bin/cc  -DCHECK_FUNCTION_EXISTS=sgemm_    -rdynamic CMakeFiles/cmTC_064df.dir/CheckFunctionExists.c.o  -o cmTC_064df 
/usr/bin/ld: CMakeFiles/cmTC_064df.dir/CheckFunctionExists.c.o: in function `main':
CheckFunctionExists.c:(.text+0x10): undefined reference to `sgemm_'
collect2: error: ld returned 1 exit status
make[1]: *** [CMakeFiles/cmTC_064df.dir/build.make:87: cmTC_064df] Error 1
make[1]: Leaving directory '/home/yl1019/lyh/Coursework/build/CMakeFiles/CMakeTmp'
make: *** [Makefile:121: cmTC_064df/fast] Error 2


Determining if the pthread_create exist failed with the following output:
Change Dir: /home/yl1019/lyh/Coursework/build/CMakeFiles/CMakeTmp

Run Build Command:"/usr/bin/make" "cmTC_4af4f/fast"
/usr/bin/make -f CMakeFiles/cmTC_4af4f.dir/build.make CMakeFiles/cmTC_4af4f.dir/build
make[1]: Entering directory '/home/yl1019/lyh/Coursework/build/CMakeFiles/CMakeTmp'
Building C object CMakeFiles/cmTC_4af4f.dir/CheckSymbolExists.c.o
/usr/bin/cc    -o CMakeFiles/cmTC_4af4f.dir/CheckSymbolExists.c.o   -c /home/yl1019/lyh/Coursework/build/CMakeFiles/CMakeTmp/CheckSymbolExists.c
Linking C executable cmTC_4af4f
/usr/bin/cmake -E cmake_link_script CMakeFiles/cmTC_4af4f.dir/link.txt --verbose=1
/usr/bin/cc      -rdynamic CMakeFiles/cmTC_4af4f.dir/CheckSymbolExists.c.o  -o cmTC_4af4f 
/usr/bin/ld: CMakeFiles/cmTC_4af4f.dir/CheckSymbolExists.c.o: in function `main':
CheckSymbolExists.c:(.text+0x1b): undefined reference to `pthread_create'
collect2: error: ld returned 1 exit status
make[1]: *** [CMakeFiles/cmTC_4af4f.dir/build.make:87: cmTC_4af4f] Error 1
make[1]: Leaving directory '/home/yl1019/lyh/Coursework/build/CMakeFiles/CMakeTmp'
make: *** [Makefile:121: cmTC_4af4f/fast] Error 2

File /home/yl1019/lyh/Coursework/build/CMakeFiles/CMakeTmp/CheckSymbolExists.c:
/* */
#include <pthread.h>

int main(int argc, char** argv)
{
  (void)argv;
#ifndef pthread_create
  return ((int*)(&pthread_create))[argc];
#else
  (void)argc;
  return 0;
#endif
}

Determining if the function pthread_create exists in the pthreads failed with the following output:
Change Dir: /home/yl1019/lyh/Coursework/build/CMakeFiles/CMakeTmp

Run Build Command:"/usr/bin/make" "cmTC_8c194/fast"
/usr/bin/make -f CMakeFiles/cmTC_8c194.dir/build.make CMakeFiles/cmTC_8c194.dir/build
make[1]: Entering directory '/home/yl1019/lyh/Coursework/build/CMakeFiles/CMakeTmp'
Building C object CMakeFiles/cmTC_8c194.dir/CheckFunctionExists.c.o
/usr/bin/cc   -DCHECK_FUNCTION_EXISTS=pthread_create   -o CMakeFiles/cmTC_8c194.dir/CheckFunctionExists.c.o   -c /usr/share/cmake-3.13/Modules/CheckFunctionExists.c
Linking C executable cmTC_8c194
/usr/bin/cmake -E cmake_link_script CMakeFiles/cmTC_8c194.dir/link.txt --verbose=1
/usr/bin/cc  -DCHECK_FUNCTION_EXISTS=pthread_create    -rdynamic CMakeFiles/cmTC_8c194.dir/CheckFunctionExists.c.o  -o cmTC_8c194 -lpthreads 
/usr/bin/ld: cannot find -lpthreads
collect2: error: ld returned 1 exit status
make[1]: *** [CMakeFiles/cmTC_8c194.dir/build.make:87: cmTC_8c194] Error 1
make[1]: Leaving directory '/home/yl1019/lyh/Coursework/build/CMakeFiles/CMakeTmp'
make: *** [Makefile:121: cmTC_8c194/fast] Error 2


